[debug] [2021-06-22T12:37:15.875Z] ----------------------------------------------------------------------
[debug] [2021-06-22T12:37:15.876Z] Command:       C:\Program Files\nodejs\node.exe C:\Users\narendra.selot\AppData\Roaming\npm\node_modules\firebase-tools\lib\bin\firebase.js init
[debug] [2021-06-22T12:37:15.876Z] CLI Version:   9.14.0
[debug] [2021-06-22T12:37:15.877Z] Platform:      win32
[debug] [2021-06-22T12:37:15.877Z] Node Version:  v14.17.1
[debug] [2021-06-22T12:37:15.878Z] Time:          Tue Jun 22 2021 18:07:15 GMT+0530 (India Standard Time)
[debug] [2021-06-22T12:37:15.878Z] ----------------------------------------------------------------------
[debug] 
[debug] [2021-06-22T12:37:15.884Z] >>> [apiv2][query] GET https://firebase-public.firebaseio.com/cli.json [none]
[debug] [2021-06-22T12:37:15.900Z] > command requires scopes: ["email","openid","https://www.googleapis.com/auth/cloudplatformprojects.readonly","https://www.googleapis.com/auth/firebase","https://www.googleapis.com/auth/cloud-platform"]
[debug] [2021-06-22T12:37:15.942Z] Error: Could not load the default credentials. Browse to https://cloud.google.com/docs/authentication/getting-started for more information.
    at GoogleAuth.getApplicationDefaultAsync (C:\Users\narendra.selot\AppData\Roaming\npm\node_modules\firebase-tools\node_modules\google-auth-library\build\src\auth\googleauth.js:157:19)
    at processTicksAndRejections (internal/process/task_queues.js:95:5)
    at async GoogleAuth.getClient (C:\Users\narendra.selot\AppData\Roaming\npm\node_modules\firebase-tools\node_modules\google-auth-library\build\src\auth\googleauth.js:504:17)
    at async GoogleAuth.getAccessToken (C:\Users\narendra.selot\AppData\Roaming\npm\node_modules\firebase-tools\node_modules\google-auth-library\build\src\auth\googleauth.js:526:24)
    at async autoAuth (C:\Users\narendra.selot\AppData\Roaming\npm\node_modules\firebase-tools\lib\requireAuth.js:24:19)
    at async Object.requireAuth [as fn] (C:\Users\narendra.selot\AppData\Roaming\npm\node_modules\firebase-tools\lib\requireAuth.js:45:20)
    at async C:\Users\narendra.selot\AppData\Roaming\npm\node_modules\firebase-tools\lib\command.js:169:17
[error] 
[error] Error: Failed to authenticate, have you run firebase login?
